Log file open, 05/02/20 16:17:22
LogWindows: Failed to load 'aqProf.dll' (GetLastError=126)
LogWindows: File 'aqProf.dll' does not exist
LogWindows: Failed to load 'VtuneApi.dll' (GetLastError=126)
LogWindows: File 'VtuneApi.dll' does not exist
LogWindows: Failed to load 'VtuneApi32e.dll' (GetLastError=126)
LogWindows: File 'VtuneApi32e.dll' does not exist
LogConsoleResponse: Display: Failed to find resolution value strings in scalability ini. Falling back to default.
LogInit: Display: Running engine for game: klicker3
LogPlatformFile: Not using cached read wrapper
LogTaskGraph: Started task graph with 5 named threads and 20 total threads with 3 sets of task threads.
LogStats: Stats thread started at 0.101622
LogD3D11RHI: Loaded GFSDK_Aftermath_Lib.x64.dll
LogICUInternationalization: ICU TimeZone Detection - Raw Offset: +3:00, Platform Override: ''
LogPluginManager: Mounting plugin Paper2D
LogPluginManager: Mounting plugin AISupport
LogPluginManager: Mounting plugin LightPropagationVolume
LogPluginManager: Mounting plugin ActorLayerUtilities
LogPluginManager: Mounting plugin AnimationSharing
LogPluginManager: Mounting plugin CLionSourceCodeAccess
LogPluginManager: Mounting plugin CodeLiteSourceCodeAccess
LogPluginManager: Mounting plugin ConcertMain
LogPluginManager: Mounting plugin ConcertSyncClient
LogPluginManager: Mounting plugin ConcertSyncCore
LogPluginManager: Mounting plugin MultiUserClient
LogPluginManager: Mounting plugin GitSourceControl
LogPluginManager: Mounting plugin KDevelopSourceCodeAccess
LogPluginManager: Mounting plugin NullSourceCodeAccess
LogPluginManager: Mounting plugin PerforceSourceControl
LogPluginManager: Mounting plugin PlasticSourceControl
LogPluginManager: Mounting plugin SubversionSourceControl
LogPluginManager: Mounting plugin UObjectPlugin
LogPluginManager: Mounting plugin VisualStudioCodeSourceCodeAccess
LogPluginManager: Mounting plugin VisualStudioSourceCodeAccess
LogPluginManager: Mounting plugin XCodeSourceCodeAccess
LogPluginManager: Mounting plugin AssetManagerEditor
LogPluginManager: Mounting plugin CryptoKeys
LogPluginManager: Mounting plugin CurveEditorTools
LogPluginManager: Mounting plugin DataValidation
LogPluginManager: Mounting plugin FacialAnimation
LogPluginManager: Mounting plugin GameplayTagsEditor
LogPluginManager: Mounting plugin MacGraphicsSwitching
LogPluginManager: Mounting plugin MaterialAnalyzer
LogPluginManager: Mounting plugin MobileLauncherProfileWizard
LogPluginManager: Mounting plugin PluginBrowser
LogPluginManager: Mounting plugin SpeedTreeImporter
LogPluginManager: Mounting plugin DatasmithContent
LogPluginManager: Mounting plugin VariantManagerContent
LogPluginManager: Mounting plugin AlembicImporter
LogPluginManager: Mounting plugin AutomationUtils
LogPluginManager: Mounting plugin BackChannel
LogPluginManager: Mounting plugin CharacterAI
LogPluginManager: Mounting plugin GeometryCache
LogPluginManager: Mounting plugin PlatformCrypto
LogPluginManager: Mounting plugin ProxyLODPlugin
LogPluginManager: Mounting plugin SkeletalReduction
LogPluginManager: Mounting plugin MagicLeap
LogPluginManager: Mounting plugin MagicLeapMedia
LogPluginManager: Mounting plugin MLSDK
LogPluginManager: Mounting plugin AndroidMedia
LogPluginManager: Mounting plugin AvfMedia
LogPluginManager: Mounting plugin ImgMedia
LogPluginManager: Mounting plugin MediaCompositing
LogPluginManager: Mounting plugin MediaPlayerEditor
LogPluginManager: Mounting plugin WebMMedia
LogPluginManager: Mounting plugin WmfMedia
LogPluginManager: Mounting plugin TcpMessaging
LogPluginManager: Mounting plugin UdpMessaging
LogPluginManager: Mounting plugin ActorSequence
LogPluginManager: Mounting plugin LevelSequenceEditor
LogPluginManager: Mounting plugin MatineeToLevelSequence
LogPluginManager: Mounting plugin NetcodeUnitTest
LogPluginManager: Mounting plugin NUTUnrealEngine4
LogPluginManager: Mounting plugin OnlineSubsystemGooglePlay
LogPluginManager: Mounting plugin OnlineSubsystemIOS
LogPluginManager: Mounting plugin OnlineSubsystem
LogPluginManager: Mounting plugin OnlineSubsystemNull
LogPluginManager: Mounting plugin OnlineSubsystemUtils
LogPluginManager: Mounting plugin LauncherChunkInstaller
LogPluginManager: Mounting plugin AndroidDeviceProfileSelector
LogPluginManager: Mounting plugin AndroidMoviePlayer
LogPluginManager: Mounting plugin AndroidPermission
LogPluginManager: Mounting plugin AppleImageUtils
LogPluginManager: Mounting plugin AppleMoviePlayer
LogPluginManager: Mounting plugin ArchVisCharacter
LogPluginManager: Mounting plugin AssetTags
LogPluginManager: Mounting plugin AudioCapture
LogPluginManager: Mounting plugin CableComponent
LogPluginManager: Mounting plugin CustomMeshComponent
LogPluginManager: Mounting plugin SQLiteCore
LogPluginManager: Mounting plugin EditableMesh
LogPluginManager: Mounting plugin ExampleDeviceProfileSelector
LogPluginManager: Mounting plugin GoogleCloudMessaging
LogPluginManager: Mounting plugin IOSDeviceProfileSelector
LogPluginManager: Mounting plugin LinuxDeviceProfileSelector
LogPluginManager: Mounting plugin LocationServicesBPLibrary
LogPluginManager: Mounting plugin MobilePatchingUtils
LogPluginManager: Mounting plugin OculusVR
LogPluginManager: Mounting plugin PhysXVehicles
LogPluginManager: Mounting plugin PostSplashScreen
LogPluginManager: Mounting plugin ProceduralMeshComponent
LogPluginManager: Mounting plugin RuntimePhysXCooking
LogPluginManager: Mounting plugin SignificanceManager
LogPluginManager: Mounting plugin SteamVR
LogPluginManager: Mounting plugin WebMMoviePlayer
LogPluginManager: Mounting plugin WindowsMoviePlayer
LogPluginManager: Mounting plugin ScreenshotTools
LogInit: Using libcurl 7.55.1-DEV
LogInit:  - built for x86_64-pc-win32
LogInit:  - supports SSL with OpenSSL/1.1.1
LogInit:  - supports HTTP deflate (compression) using libz 1.2.8
LogInit:  - other features:
LogInit:      CURL_VERSION_SSL
LogInit:      CURL_VERSION_LIBZ
LogInit:      CURL_VERSION_IPV6
LogInit:      CURL_VERSION_ASYNCHDNS
LogInit:      CURL_VERSION_LARGEFILE
LogInit:      CURL_VERSION_IDN
LogInit:  CurlRequestOptions (configurable via config and command line):
LogInit:  - bVerifyPeer = true  - Libcurl will verify peer certificate
LogInit:  - bUseHttpProxy = false  - Libcurl will NOT use HTTP proxy
LogInit:  - bDontReuseConnections = false  - Libcurl will reuse connections
LogInit:  - MaxHostConnections = 16  - Libcurl will limit the number of connections to a host
LogInit:  - LocalHostAddr = Default
LogInit:  - BufferSize = 65536
LogOnline: OSS: Creating online subsystem instance for: NULL
LogInit: WinSock: version 1.1 (2.2), MaxSocks=32767, MaxUdp=65467
LogOnline: OSS: TryLoadSubsystemAndSetDefault: Loaded subsystem for module [NULL]
LogInit: Build: ++UE4+Release-4.24-CL-11590370
LogInit: Engine Version: 4.24.3-11590370+++UE4+Release-4.24
LogInit: Compatible Engine Version: 4.24.0-10570792+++UE4+Release-4.24
LogInit: Net CL: 10570792
LogInit: OS: Windows 10 (Release 1903) (), CPU: Intel(R) Core(TM) i5-8400 CPU @ 2.80GHz, GPU: NVIDIA GeForce GTX 1060 6GB
LogInit: Compiled (64-bit): Feb 24 2020 15:39:18
LogInit: Compiled with Visual C++: 19.16.27032.01
LogInit: Build Configuration: Development
LogInit: Branch Name: ++UE4+Release-4.24
LogInit: Command Line:  -EpicPortal -epicusername=uneronnnik -epicuserid=be821218653c442998485b6f27ac27c5 -epiclocale=ru
LogInit: Base Directory: D:/Программы/UE_4.24/Engine/Binaries/Win64/
LogInit: Installed Engine Build: 1
LogDevObjectVersion: Number of dev versions registered: 25
LogDevObjectVersion:   Dev-Blueprints (B0D832E4-1F89-4F0D-ACCF-7EB736FD4AA2): 10
LogDevObjectVersion:   Dev-Build (E1C64328-A22C-4D53-A36C-8E866417BD8C): 0
LogDevObjectVersion:   Dev-Core (375EC13C-06E4-48FB-B500-84F0262A717E): 3
LogDevObjectVersion:   Dev-Editor (E4B068ED-F494-42E9-A231-DA0B2E46BB41): 37
LogDevObjectVersion:   Dev-Framework (CFFC743F-43B0-4480-9391-14DF171D2073): 36
LogDevObjectVersion:   Dev-Mobile (B02B49B5-BB20-44E9-A304-32B752E40360): 2
LogDevObjectVersion:   Dev-Networking (A4E4105C-59A1-49B5-A7C5-40C4547EDFEE): 0
LogDevObjectVersion:   Dev-Online (39C831C9-5AE6-47DC-9A44-9C173E1C8E7C): 0
LogDevObjectVersion:   Dev-Physics (78F01B33-EBEA-4F98-B9B4-84EACCB95AA2): 2
LogDevObjectVersion:   Dev-Platform (6631380F-2D4D-43E0-8009-CF276956A95A): 0
LogDevObjectVersion:   Dev-Rendering (12F88B9F-8875-4AFC-A67C-D90C383ABD29): 36
LogDevObjectVersion:   Dev-Sequencer (7B5AE74C-D270-4C10-A958-57980B212A5A): 11
LogDevObjectVersion:   Dev-VR (D7296918-1DD6-4BDD-9DE2-64A83CC13884): 2
LogDevObjectVersion:   Dev-LoadTimes (C2A15278-BFE7-4AFE-6C17-90FF531DF755): 1
LogDevObjectVersion:   Private-Geometry (6EACA3D4-40EC-4CC1-B786-8BED09428FC5): 3
LogDevObjectVersion:   Dev-AnimPhys (29E575DD-E0A3-4627-9D10-D276232CDCEA): 17
LogDevObjectVersion:   Dev-Anim (AF43A65D-7FD3-4947-9873-3E8ED9C1BB05): 2
LogDevObjectVersion:   Dev-ReflectionCapture (6B266CEC-1EC7-4B8F-A30B-E4D90942FC07): 1
LogDevObjectVersion:   Dev-Automation (0DF73D61-A23F-47EA-B727-89E90C41499A): 1
LogDevObjectVersion:   FortniteMain (601D1886-AC64-4F84-AA16-D3DE0DEAC7D6): 31
LogDevObjectVersion:   Dev-Enterprise (9DFFBCD6-494F-0158-E221-12823C92A888): 8
LogDevObjectVersion:   Dev-Niagara (F2AED0AC-9AFE-416F-8664-AA7FFA26D6FC): 1
LogDevObjectVersion:   Dev-Destruction (174F1F0B-B4C6-45A5-B13F-2EE8D0FB917D): 9
LogDevObjectVersion:   Dev-Physics-Ext (35F94A83-E258-406C-A318-09F59610247C): 8
LogDevObjectVersion:   Dev-CineCamera (B2E18506-4273-CFC2-A54E-F4BB758BBA07): 1
LogInit: Presizing for max 25165824 objects, including 0 objects not considered by GC, pre-allocating 0 bytes for permanent pool.
LogInit: Object subsystem initialized
LogConfig: Setting CVar [[con.DebugEarlyDefault:1]]
LogConfig: Setting CVar [[r.setres:1280x720]]
[2020.05.02-13.17.22:890][  0]LogConfig: Setting CVar [[r.VSync:0]]
[2020.05.02-13.17.22:890][  0]LogConfig: Setting CVar [[r.RHICmdBypass:0]]
[2020.05.02-13.17.22:890][  0]LogConfig: Applying CVar settings from Section [/Script/Engine.RendererSettings] File [C:/Users/User/Documents/Unreal Projects/klicker3/Saved/Config/Windows/Engine.ini]
[2020.05.02-13.17.22:890][  0]LogConfig: Setting CVar [[r.GPUCrashDebugging:0]]
[2020.05.02-13.17.22:890][  0]LogConfig: Setting CVar [[r.MobileHDR:0]]
[2020.05.02-13.17.22:890][  0]LogConfig: Setting CVar [[r.Mobile.DisableVertexFog:1]]
[2020.05.02-13.17.22:890][  0]LogConfig: Setting CVar [[r.Shadow.CSM.MaxMobileCascades:2]]
[2020.05.02-13.17.22:890][  0]LogConfig: Setting CVar [[r.MobileMSAA:1]]
[2020.05.02-13.17.22:890][  0]LogConfig: Setting CVar [[r.Mobile.UseLegacyShadingModel:0]]
[2020.05.02-13.17.22:890][  0]LogConfig: Setting CVar [[r.Mobile.UseHWsRGBEncoding:0]]
[2020.05.02-13.17.22:890][  0]LogConfig: Setting CVar [[r.Mobile.AllowDitheredLODTransition:0]]
[2020.05.02-13.17.22:890][  0]LogConfig: Setting CVar [[r.Mobile.AllowSoftwareOcclusion:0]]
[2020.05.02-13.17.22:890][  0]LogConfig: Setting CVar [[r.DiscardUnusedQuality:0]]
[2020.05.02-13.17.22:890][  0]LogConfig: Setting CVar [[r.AllowOcclusionQueries:1]]
[2020.05.02-13.17.22:890][  0]LogConfig: Setting CVar [[r.MinScreenRadiusForLights:0.030000]]
[2020.05.02-13.17.22:890][  0]LogConfig: Setting CVar [[r.MinScreenRadiusForDepthPrepass:0.030000]]
[2020.05.02-13.17.22:890][  0]LogConfig: Setting CVar [[r.MinScreenRadiusForCSMDepth:0.010000]]
[2020.05.02-13.17.22:890][  0]LogConfig: Setting CVar [[r.PrecomputedVisibilityWarning:0]]
[2020.05.02-13.17.22:890][  0]LogConfig: Setting CVar [[r.TextureStreaming:1]]
[2020.05.02-13.17.22:890][  0]LogConfig: Setting CVar [[Compat.UseDXT5NormalMaps:0]]
[2020.05.02-13.17.22:890][  0]LogConfig: Setting CVar [[r.VirtualTextures:0]]
[2020.05.02-13.17.22:890][  0]LogConfig: Setting CVar [[r.VirtualTexturedLightmaps:0]]
[2020.05.02-13.17.22:890][  0]LogConfig: Setting CVar [[r.VT.TileSize:128]]
[2020.05.02-13.17.22:890][  0]LogConfig: Setting CVar [[r.VT.TileBorderSize:4]]
[2020.05.02-13.17.22:890][  0]LogConfig: Setting CVar [[r.vt.FeedbackFactor:16]]
[2020.05.02-13.17.22:890][  0]LogConfig: Setting CVar [[r.VT.EnableCompressZlib:1]]
[2020.05.02-13.17.22:891][  0]LogConfig: Setting CVar [[r.VT.EnableCompressCrunch:0]]
[2020.05.02-13.17.22:891][  0]LogConfig: Setting CVar [[r.ClearCoatNormal:0]]
[2020.05.02-13.17.22:891][  0]LogConfig: Setting CVar [[r.ReflectionCaptureResolution:128]]
[2020.05.02-13.17.22:891][  0]LogConfig: Setting CVar [[r.ReflectionEnvironmentLightmapMixBasedOnRoughness:1]]
[2020.05.02-13.17.22:891][  0]LogConfig: Setting CVar [[r.ForwardShading:0]]
[2020.05.02-13.17.22:891][  0]LogConfig: Setting CVar [[r.VertexFoggingForOpaque:1]]
[2020.05.02-13.17.22:891][  0]LogConfig: Setting CVar [[r.AllowStaticLighting:1]]
[2020.05.02-13.17.22:891][  0]LogConfig: Setting CVar [[r.NormalMapsForStaticLighting:0]]
[2020.05.02-13.17.22:891][  0]LogConfig: Setting CVar [[r.GenerateMeshDistanceFields:0]]
[2020.05.02-13.17.22:891][  0]LogConfig: Setting CVar [[r.DistanceFieldBuild.EightBit:0]]
[2020.05.02-13.17.22:891][  0]LogConfig: Setting CVar [[r.GenerateLandscapeGIData:0]]
[2020.05.02-13.17.22:891][  0]LogConfig: Setting CVar [[r.DistanceFieldBuild.Compress:0]]
[2020.05.02-13.17.22:891][  0]LogConfig: Setting CVar [[r.TessellationAdaptivePixelsPerTriangle:48.000000]]
[2020.05.02-13.17.22:891][  0]LogConfig: Setting CVar [[r.SeparateTranslucency:0]]
[2020.05.02-13.17.22:891][  0]LogConfig: Setting CVar [[r.TranslucentSortPolicy:0]]
[2020.05.02-13.17.22:891][  0]LogConfig: Setting CVar [[r.CustomDepth:1]]
[2020.05.02-13.17.22:891][  0]LogConfig: Setting CVar [[r.CustomDepthTemporalAAJitter:1]]
[2020.05.02-13.17.22:891][  0]LogConfig: Setting CVar [[r.PostProcessing.PropagateAlpha:0]]
[2020.05.02-13.17.22:891][  0]LogConfig: Setting CVar [[r.DefaultFeature.Bloom:0]]
[2020.05.02-13.17.22:891][  0]LogConfig: Setting CVar [[r.DefaultFeature.AmbientOcclusion:0]]
[2020.05.02-13.17.22:891][  0]LogConfig: Setting CVar [[r.DefaultFeature.AmbientOcclusionStaticFraction:1]]
[2020.05.02-13.17.22:891][  0]LogConfig: Setting CVar [[r.DefaultFeature.AutoExposure:0]]
[2020.05.02-13.17.22:891][  0]LogConfig: Setting CVar [[r.DefaultFeature.AutoExposure.Method:0]]
[2020.05.02-13.17.22:891][  0]LogConfig: Setting CVar [[r.DefaultFeature.AutoExposure.ExtendDefaultLuminanceRange:0]]
[2020.05.02-13.17.22:891][  0]LogConfig: Setting CVar [[r.UsePreExposure:1]]
[2020.05.02-13.17.22:891][  0]LogConfig: Setting CVar [[r.EyeAdaptation.EditorOnly:1]]
[2020.05.02-13.17.22:891][  0]LogConfig: Setting CVar [[r.DefaultFeature.MotionBlur:0]]
[2020.05.02-13.17.22:891][  0]LogConfig: Setting CVar [[r.DefaultFeature.LensFlare:0]]
[2020.05.02-13.17.22:891][  0]LogConfig: Setting CVar [[r.TemporalAA.Upsampling:0]]
[2020.05.02-13.17.22:891][  0]LogConfig: Setting CVar [[r.SSGI.Enable:0]]
[2020.05.02-13.17.22:891][  0]LogConfig: Setting CVar [[r.DefaultFeature.AntiAliasing:0]]
[2020.05.02-13.17.22:891][  0]LogConfig: Setting CVar [[r.DefaultFeature.LightUnits:1]]
[2020.05.02-13.17.22:891][  0]LogConfig: Setting CVar [[r.DefaultBackBufferPixelFormat:4]]
[2020.05.02-13.17.22:891][  0]LogConfig: Setting CVar [[r.Shadow.UnbuiltPreviewInGame:1]]
[2020.05.02-13.17.22:891][  0]LogConfig: Setting CVar [[r.StencilForLODDither:0]]
[2020.05.02-13.17.22:891][  0]LogConfig: Setting CVar [[r.EarlyZPass:3]]
[2020.05.02-13.17.22:891][  0]LogConfig: Setting CVar [[r.EarlyZPassOnlyMaterialMasking:0]]
[2020.05.02-13.17.22:891][  0]LogConfig: Setting CVar [[r.DBuffer:1]]
[2020.05.02-13.17.22:891][  0]LogConfig: Setting CVar [[r.ClearSceneMethod:1]]
[2020.05.02-13.17.22:891][  0]LogConfig: Setting CVar [[r.BasePassOutputsVelocity:0]]
[2020.05.02-13.17.22:891][  0]LogConfig: Setting CVar [[r.SelectiveBasePassOutputs:0]]
[2020.05.02-13.17.22:891][  0]LogConfig: Setting CVar [[fx.GPUSimulationTextureSizeX:1024]]
[2020.05.02-13.17.22:891][  0]LogConfig: Setting CVar [[fx.GPUSimulationTextureSizeY:1024]]
[2020.05.02-13.17.22:891][  0]LogConfig: Setting CVar [[r.AllowGlobalClipPlane:0]]
[2020.05.02-13.17.22:891][  0]LogConfig: Setting CVar [[r.GBufferFormat:1]]
[2020.05.02-13.17.22:891][  0]LogConfig: Setting CVar [[r.MorphTarget.Mode:1]]
[2020.05.02-13.17.22:891][  0]LogConfig: Setting CVar [[vr.InstancedStereo:0]]
[2020.05.02-13.17.22:891][  0]LogConfig: Setting CVar [[vr.MultiView:0]]
[2020.05.02-13.17.22:891][  0]LogConfig: Setting CVar [[vr.MobileMultiView:0]]
[2020.05.02-13.17.22:891][  0]LogConfig: Setting CVar [[vr.MobileMultiView.Direct:0]]
[2020.05.02-13.17.22:891][  0]LogConfig: Setting CVar [[vr.RoundRobinOcclusion:0]]
[2020.05.02-13.17.22:891][  0]LogConfig: Setting CVar [[vr.ODSCapture:0]]
[2020.05.02-13.17.22:891][  0]LogConfig: Setting CVar [[r.WireframeCullThreshold:5.000000]]
[2020.05.02-13.17.22:891][  0]LogConfig: Setting CVar [[r.RayTracing:0]]
[2020.05.02-13.17.22:891][  0]LogConfig: Setting CVar [[r.RayTracing.UseTextureLod:0]]
[2020.05.02-13.17.22:891][  0]LogConfig: Setting CVar [[r.SupportStationarySkylight:1]]
[2020.05.02-13.17.22:891][  0]LogConfig: Setting CVar [[r.SupportLowQualityLightmaps:1]]
[2020.05.02-13.17.22:891][  0]LogConfig: Setting CVar [[r.SupportPointLightWholeSceneShadows:1]]
[2020.05.02-13.17.22:891][  0]LogConfig: Setting CVar [[r.SupportAtmosphericFog:1]]
[2020.05.02-13.17.22:891][  0]LogConfig: Setting CVar [[r.SupportSkyAtmosphere:1]]
[2020.05.02-13.17.22:891][  0]LogConfig: Setting CVar [[r.SupportSkyAtmosphereAffectsHeightFog:0]]
[2020.05.02-13.17.22:891][  0]LogConfig: Setting CVar [[r.SkinCache.CompileShaders:0]]
[2020.05.02-13.17.22:891][  0]LogConfig: Setting CVar [[r.Mobile.EnableStaticAndCSMShadowReceivers:1]]
[2020.05.02-13.17.22:891][  0]LogConfig: Setting CVar [[r.Mobile.EnableMovableLightCSMShaderCulling:1]]
[2020.05.02-13.17.22:891][  0]LogConfig: Setting CVar [[r.Mobile.AllowDistanceFieldShadows:1]]
[2020.05.02-13.17.22:891][  0]LogConfig: Setting CVar [[r.Mobile.AllowMovableDirectionalLights:1]]
[2020.05.02-13.17.22:891][  0]LogConfig: Setting CVar [[r.MobileNumDynamicPointLights:4]]
[2020.05.02-13.17.22:891][  0]LogConfig: Setting CVar [[r.MobileDynamicPointLightsUseStaticBranch:1]]
[2020.05.02-13.17.22:891][  0]LogConfig: Setting CVar [[r.Mobile.EnableMovableSpotlights:0]]
[2020.05.02-13.17.22:891][  0]LogConfig: Setting CVar [[r.SkinCache.SceneMemoryLimitInMB:128.000000]]
[2020.05.02-13.17.22:891][  0]LogConfig: Setting CVar [[r.GPUSkin.Limit2BoneInfluences:0]]
[2020.05.02-13.17.22:891][  0]LogConfig: Setting CVar [[r.SupportDepthOnlyIndexBuffers:1]]
[2020.05.02-13.17.22:891][  0]LogConfig: Setting CVar [[r.SupportReversedIndexBuffers:1]]
[2020.05.02-13.17.22:891][  0]LogConfig: Setting CVar [[r.SupportMaterialLayers:0]]
[2020.05.02-13.17.22:891][  0]LogConfig: Setting CVar [[r.LightPropagationVolume:0]]
[2020.05.02-13.17.22:891][  0]LogConfig: Applying CVar settings from Section [/Script/Engine.RendererOverrideSettings] File [C:/Users/User/Documents/Unreal Projects/klicker3/Saved/Config/Windows/Engine.ini]
[2020.05.02-13.17.22:892][  0]LogConfig: Applying CVar settings from Section [/Script/Engine.StreamingSettings] File [C:/Users/User/Documents/Unreal Projects/klicker3/Saved/Config/Windows/Engine.ini]
[2020.05.02-13.17.22:892][  0]LogConfig: Setting CVar [[s.MinBulkDataSizeForAsyncLoading:131072]]
[2020.05.02-13.17.22:892][  0]LogConfig: Setting CVar [[s.AsyncLoadingThreadEnabled:0]]
[2020.05.02-13.17.22:892][  0]LogConfig: Setting CVar [[s.EventDrivenLoaderEnabled:1]]
[2020.05.02-13.17.22:892][  0]LogConfig: Setting CVar [[s.WarnIfTimeLimitExceeded:0]]
[2020.05.02-13.17.22:892][  0]LogConfig: Setting CVar [[s.TimeLimitExceededMultiplier:1.5]]
[2020.05.02-13.17.22:892][  0]LogConfig: Setting CVar [[s.TimeLimitExceededMinTime:0.005]]
[2020.05.02-13.17.22:892][  0]LogConfig: Setting CVar [[s.UseBackgroundLevelStreaming:1]]
[2020.05.02-13.17.22:892][  0]LogConfig: Setting CVar [[s.PriorityAsyncLoadingExtraTime:15.0]]
[2020.05.02-13.17.22:892][  0]LogConfig: Setting CVar [[s.LevelStreamingActorsUpdateTimeLimit:5.0]]
[2020.05.02-13.17.22:892][  0]LogConfig: Setting CVar [[s.PriorityLevelStreamingActorsUpdateExtraTime:5.0]]
[2020.05.02-13.17.22:892][  0]LogConfig: Setting CVar [[s.LevelStreamingComponentsRegistrationGranularity:10]]
[2020.05.02-13.17.22:892][  0]LogConfig: Setting CVar [[s.UnregisterComponentsTimeLimit:1.0]]
[2020.05.02-13.17.22:892][  0]LogConfig: Setting CVar [[s.LevelStreamingComponentsUnregistrationGranularity:5]]
[2020.05.02-13.17.22:892][  0]LogConfig: Setting CVar [[s.FlushStreamingOnExit:1]]
[2020.05.02-13.17.22:892][  0]LogConfig: Applying CVar settings from Section [/Script/Engine.GarbageCollectionSettings] File [C:/Users/User/Documents/Unreal Projects/klicker3/Saved/Config/Windows/Engine.ini]
[2020.05.02-13.17.22:892][  0]LogConfig: Setting CVar [[gc.MaxObjectsNotConsideredByGC:1]]
[2020.05.02-13.17.22:892][  0]LogConfig: Setting CVar [[gc.SizeOfPermanentObjectPool:0]]
[2020.05.02-13.17.22:892][  0]LogConfig: Setting CVar [[gc.FlushStreamingOnGC:0]]
[2020.05.02-13.17.22:892][  0]LogConfig: Setting CVar [[gc.NumRetriesBeforeForcingGC:10]]
[2020.05.02-13.17.22:892][  0]LogConfig: Setting CVar [[gc.AllowParallelGC:1]]
[2020.05.02-13.17.22:892][  0]LogConfig: Setting CVar [[gc.TimeBetweenPurgingPendingKillObjects:61.1]]
[2020.05.02-13.17.22:892][  0]LogConfig: Setting CVar [[gc.MaxObjectsInEditor:25165824]]
[2020.05.02-13.17.22:892][  0]LogConfig: Setting CVar [[gc.IncrementalBeginDestroyEnabled:1]]
[2020.05.02-13.17.22:892][  0]LogConfig: Setting CVar [[gc.CreateGCClusters:1]]
[2020.05.02-13.17.22:892][  0]LogConfig: Setting CVar [[gc.MinGCClusterSize:5]]
[2020.05.02-13.17.22:892][  0]LogConfig: Setting CVar [[gc.ActorClusteringEnabled:0]]
[2020.05.02-13.17.22:892][  0]LogConfig: Setting CVar [[gc.BlueprintClusteringEnabled:0]]
[2020.05.02-13.17.22:892][  0]LogConfig: Setting CVar [[gc.UseDisregardForGCOnDedicatedServers:0]]
[2020.05.02-13.17.22:892][  0]LogConfig: Applying CVar settings from Section [/Script/Engine.NetworkSettings] File [C:/Users/User/Documents/Unreal Projects/klicker3/Saved/Config/Windows/Engine.ini]
[2020.05.02-13.17.22:892][  0]LogConfig: Applying CVar settings from Section [/Script/UnrealEd.CookerSettings] File [C:/Users/User/Documents/Unreal Projects/klicker3/Saved/Config/Windows/Engine.ini]
[2020.05.02-13.17.22:894][  0]LogConfig: Applying CVar settings from Section [ViewDistanceQuality@3] File [C:/Users/User/Documents/Unreal Projects/klicker3/Saved/Config/Windows/Scalability.ini]
[2020.05.02-13.17.22:894][  0]LogConfig: Setting CVar [[r.SkeletalMeshLODBias:0]]
[2020.05.02-13.17.22:894][  0]LogConfig: Setting CVar [[r.ViewDistanceScale:1.0]]
[2020.05.02-13.17.22:894][  0]LogConfig: Applying CVar settings from Section [AntiAliasingQuality@3] File [C:/Users/User/Documents/Unreal Projects/klicker3/Saved/Config/Windows/Scalability.ini]
[2020.05.02-13.17.22:894][  0]LogConfig: Setting CVar [[r.PostProcessAAQuality:4]]
[2020.05.02-13.17.22:894][  0]LogConfig: Applying CVar settings from Section [ShadowQuality@3] File [C:/Users/User/Documents/Unreal Projects/klicker3/Saved/Config/Windows/Scalability.ini]
[2020.05.02-13.17.22:894][  0]LogConfig: Setting CVar [[r.LightFunctionQuality:1]]
[2020.05.02-13.17.22:894][  0]LogConfig: Setting CVar [[r.ShadowQuality:5]]
[2020.05.02-13.17.22:894][  0]LogConfig: Setting CVar [[r.Shadow.CSM.MaxCascades:10]]
[2020.05.02-13.17.22:894][  0]LogConfig: Setting CVar [[r.Shadow.MaxResolution:2048]]
[2020.05.02-13.17.22:894][  0]LogConfig: Setting CVar [[r.Shadow.MaxCSMResolution:2048]]
[2020.05.02-13.17.22:894][  0]LogConfig: Setting CVar [[r.Shadow.RadiusThreshold:0.01]]
[2020.05.02-13.17.22:894][  0]LogConfig: Setting CVar [[r.Shadow.DistanceScale:1.0]]
[2020.05.02-13.17.22:894][  0]LogConfig: Setting CVar [[r.Shadow.CSM.TransitionScale:1.0]]
[2020.05.02-13.17.22:894][  0]LogConfig: Setting CVar [[r.Shadow.PreShadowResolutionFactor:1.0]]
[2020.05.02-13.17.22:895][  0]LogConfig: Setting CVar [[r.DistanceFieldShadowing:1]]
[2020.05.02-13.17.22:895][  0]LogConfig: Setting CVar [[r.DistanceFieldAO:1]]
[2020.05.02-13.17.22:895][  0]LogConfig: Setting CVar [[r.AOQuality:2]]
[2020.05.02-13.17.22:895][  0]LogConfig: Setting CVar [[r.VolumetricFog:1]]
[2020.05.02-13.17.22:895][  0]LogConfig: Setting CVar [[r.VolumetricFog.GridPixelSize:8]]
[2020.05.02-13.17.22:895][  0]LogConfig: Setting CVar [[r.VolumetricFog.GridSizeZ:128]]
[2020.05.02-13.17.22:895][  0]LogConfig: Setting CVar [[r.VolumetricFog.HistoryMissSupersampleCount:4]]
[2020.05.02-13.17.22:895][  0]LogConfig: Setting CVar [[r.LightMaxDrawDistanceScale:1]]
[2020.05.02-13.17.22:895][  0]LogConfig: Setting CVar [[r.CapsuleShadows:1]]
[2020.05.02-13.17.22:895][  0]LogConfig: Applying CVar settings from Section [PostProcessQuality@3] File [C:/Users/User/Documents/Unreal Projects/klicker3/Saved/Config/Windows/Scalability.ini]
[2020.05.02-13.17.22:895][  0]LogConfig: Setting CVar [[r.MotionBlurQuality:4]]
[2020.05.02-13.17.22:895][  0]LogConfig: Setting CVar [[r.AmbientOcclusionMipLevelFactor:0.4]]
[2020.05.02-13.17.22:895][  0]LogConfig: Setting CVar [[r.AmbientOcclusionMaxQuality:100]]
[2020.05.02-13.17.22:895][  0]LogConfig: Setting CVar [[r.AmbientOcclusionLevels:-1]]
[2020.05.02-13.17.22:895][  0]LogConfig: Setting CVar [[r.AmbientOcclusionRadiusScale:1.0]]
[2020.05.02-13.17.22:895][  0]LogConfig: Setting CVar [[r.DepthOfFieldQuality:2]]
[2020.05.02-13.17.22:895][  0]LogConfig: Setting CVar [[r.RenderTargetPoolMin:400]]
[2020.05.02-13.17.22:895][  0]LogConfig: Setting CVar [[r.LensFlareQuality:2]]
[2020.05.02-13.17.22:895][  0]LogConfig: Setting CVar [[r.SceneColorFringeQuality:1]]
[2020.05.02-13.17.22:895][  0]LogConfig: Setting CVar [[r.EyeAdaptationQuality:2]]
[2020.05.02-13.17.22:895][  0]LogConfig: Setting CVar [[r.BloomQuality:5]]
[2020.05.02-13.17.22:895][  0]LogConfig: Setting CVar [[r.FastBlurThreshold:100]]
[2020.05.02-13.17.22:895][  0]LogConfig: Setting CVar [[r.Upscale.Quality:3]]
[2020.05.02-13.17.22:895][  0]LogConfig: Setting CVar [[r.Tonemapper.GrainQuantization:1]]
[2020.05.02-13.17.22:895][  0]LogConfig: Setting CVar [[r.LightShaftQuality:1]]
[2020.05.02-13.17.22:895][  0]LogConfig: Setting CVar [[r.Filter.SizeScale:1]]
[2020.05.02-13.17.22:895][  0]LogConfig: Setting CVar [[r.Tonemapper.Quality:5]]
[2020.05.02-13.17.22:895][  0]LogConfig: Setting CVar [[r.DOF.Gather.AccumulatorQuality:1        ; higher gathering accumulator quality]]
[2020.05.02-13.17.22:895][  0]LogConfig: Setting CVar [[r.DOF.Gather.PostfilterMethod:1          ; Median3x3 postfilering method]]
[2020.05.02-13.17.22:895][  0]LogConfig: Setting CVar [[r.DOF.Gather.EnableBokehSettings:0       ; no bokeh simulation when gathering]]
[2020.05.02-13.17.22:895][  0]LogConfig: Setting CVar [[r.DOF.Gather.RingCount:4                 ; medium number of samples when gathering]]
[2020.05.02-13.17.22:895][  0]LogConfig: Setting CVar [[r.DOF.Scatter.ForegroundCompositing:1    ; additive foreground scattering]]
[2020.05.02-13.17.22:895][  0]LogConfig: Setting CVar [[r.DOF.Scatter.BackgroundCompositing:2    ; additive background scattering]]
[2020.05.02-13.17.22:895][  0]LogConfig: Setting CVar [[r.DOF.Scatter.EnableBokehSettings:1      ; bokeh simulation when scattering]]
[2020.05.02-13.17.22:895][  0]LogConfig: Setting CVar [[r.DOF.Scatter.MaxSpriteRatio:0.1         ; only a maximum of 10% of scattered bokeh]]
[2020.05.02-13.17.22:895][  0]LogConfig: Setting CVar [[r.DOF.Recombine.Quality:1                ; cheap slight out of focus]]
[2020.05.02-13.17.22:895][  0]LogConfig: Setting CVar [[r.DOF.Recombine.EnableBokehSettings:0    ; no bokeh simulation on slight out of focus]]
[2020.05.02-13.17.22:895][  0]LogConfig: Setting CVar [[r.DOF.TemporalAAQuality:1                ; more stable temporal accumulation]]
[2020.05.02-13.17.22:895][  0]LogConfig: Setting CVar [[r.DOF.Kernel.MaxForegroundRadius:0.025]]
[2020.05.02-13.17.22:895][  0]LogConfig: Setting CVar [[r.DOF.Kernel.MaxBackgroundRadius:0.025]]
[2020.05.02-13.17.22:895][  0]LogConfig: Applying CVar settings from Section [TextureQuality@3] File [C:/Users/User/Documents/Unreal Projects/klicker3/Saved/Config/Windows/Scalability.ini]
[2020.05.02-13.17.22:895][  0]LogConfig: Setting CVar [[r.Streaming.MipBias:0]]
[2020.05.02-13.17.22:895][  0]LogConfig: Setting CVar [[r.Streaming.AmortizeCPUToGPUCopy:0]]
[2020.05.02-13.17.22:895][  0]LogConfig: Setting CVar [[r.Streaming.MaxNumTexturesToStreamPerFrame:0]]
[2020.05.02-13.17.22:895][  0]LogConfig: Setting CVar [[r.Streaming.Boost:1]]
[2020.05.02-13.17.22:895][  0]LogConfig: Setting CVar [[r.MaxAnisotropy:8]]
[2020.05.02-13.17.22:895][  0]LogConfig: Setting CVar [[r.VT.MaxAnisotropy:8]]
[2020.05.02-13.17.22:895][  0]LogConfig: Setting CVar [[r.Streaming.LimitPoolSizeToVRAM:0]]
[2020.05.02-13.17.22:895][  0]LogConfig: Setting CVar [[r.Streaming.PoolSize:1000]]
[2020.05.02-13.17.22:895][  0]LogConfig: Setting CVar [[r.Streaming.MaxEffectiveScreenSize:0]]
[2020.05.02-13.17.22:895][  0]LogConfig: Applying CVar settings from Section [EffectsQuality@3] File [C:/Users/User/Documents/Unreal Projects/klicker3/Saved/Config/Windows/Scalability.ini]
[2020.05.02-13.17.22:895][  0]LogConfig: Setting CVar [[r.TranslucencyLightingVolumeDim:64]]
[2020.05.02-13.17.22:895][  0]LogConfig: Setting CVar [[r.RefractionQuality:2]]
[2020.05.02-13.17.22:895][  0]LogConfig: Setting CVar [[r.SSR.Quality:3]]
[2020.05.02-13.17.22:895][  0]LogConfig: Setting CVar [[r.SSR.HalfResSceneColor:0]]
[2020.05.02-13.17.22:895][  0]LogConfig: Setting CVar [[r.SceneColorFormat:4]]
[2020.05.02-13.17.22:895][  0]LogConfig: Setting CVar [[r.DetailMode:2]]
[2020.05.02-13.17.22:895][  0]LogConfig: Setting CVar [[r.TranslucencyVolumeBlur:1]]
[2020.05.02-13.17.22:895][  0]LogConfig: Setting CVar [[r.MaterialQualityLevel:1 ; High quality]]
[2020.05.02-13.17.22:895][  0]LogConfig: Setting CVar [[r.SSS.Scale:1]]
[2020.05.02-13.17.22:895][  0]LogConfig: Setting CVar [[r.SSS.SampleSet:2]]
[2020.05.02-13.17.22:895][  0]LogConfig: Setting CVar [[r.SSS.Quality:1]]
[2020.05.02-13.17.22:895][  0]LogConfig: Setting CVar [[r.SSS.HalfRes:1]]
[2020.05.02-13.17.22:895][  0]LogConfig: Setting CVar [[r.SSGI.Quality:3]]
[2020.05.02-13.17.22:895][  0]LogConfig: Setting CVar [[r.EmitterSpawnRateScale:1.0]]
[2020.05.02-13.17.22:895][  0]LogConfig: Setting CVar [[r.ParticleLightQuality:2]]
[2020.05.02-13.17.22:895][  0]LogConfig: Setting CVar [[r.SkyAtmosphere.AerialPerspectiveLUT.FastApplyOnOpaque:1 ; Always have FastSkyLUT 1 in this case to avoid wrong sky]]
[2020.05.02-13.17.22:895][  0]LogConfig: Setting CVar [[r.SkyAtmosphere.AerialPerspectiveLUT.SampleCountPerSlice:1]]
[2020.05.02-13.17.22:895][  0]LogConfig: Setting CVar [[r.SkyAtmosphere.AerialPerspectiveLUT.DepthResolution:16.0]]
[2020.05.02-13.17.22:895][  0]LogConfig: Setting CVar [[r.SkyAtmosphere.FastSkyLUT:1]]
[2020.05.02-13.17.22:895][  0]LogConfig: Setting CVar [[r.SkyAtmosphere.FastSkyLUT.SampleCountMin:4.0]]
[2020.05.02-13.17.22:896][  0]LogConfig: Setting CVar [[r.SkyAtmosphere.FastSkyLUT.SampleCountMax:32.0]]
[2020.05.02-13.17.22:896][  0]LogConfig: Setting CVar [[r.SkyAtmosphere.SampleCountMin:4.0]]
[2020.05.02-13.17.22:896][  0]LogConfig: Setting CVar [[r.SkyAtmosphere.SampleCountMax:32.0]]
[2020.05.02-13.17.22:896][  0]LogConfig: Setting CVar [[r.SkyAtmosphere.TransmittanceLUT.UseSmallFormat:0]]
[2020.05.02-13.17.22:896][  0]LogConfig: Setting CVar [[r.SkyAtmosphere.TransmittanceLUT.SampleCount:10.0]]
[2020.05.02-13.17.22:896][  0]LogConfig: Setting CVar [[r.SkyAtmosphere.MultiScatteringLUT.SampleCount:15.0]]
[2020.05.02-13.17.22:896][  0]LogConfig: Applying CVar settings from Section [FoliageQuality@3] File [C:/Users/User/Documents/Unreal Projects/klicker3/Saved/Config/Windows/Scalability.ini]
[2020.05.02-13.17.22:896][  0]LogConfig: Setting CVar [[foliage.DensityScale:1.0]]
[2020.05.02-13.17.22:896][  0]LogConfig: Setting CVar [[grass.DensityScale:1.0]]
[2020.05.02-13.17.22:896][  0]LogConfig: Applying CVar settings from Section [ShadingQuality@3] File [C:/Users/User/Documents/Unreal Projects/klicker3/Saved/Config/Windows/Scalability.ini]
[2020.05.02-13.17.22:896][  0]LogConfig: Setting CVar [[r.HairStrands.SkyLighting.SampleCount:16]]
[2020.05.02-13.17.22:896][  0]LogConfig: Setting CVar [[r.HairStrands.SkyLighting.JitterIntegration:0]]
[2020.05.02-13.17.22:896][  0]LogConfig: Setting CVar [[r.HairStrands.SkyAO.SampleCount:16]]
[2020.05.02-13.17.22:896][  0]LogInit: Selected Device Profile: [Windows]
[2020.05.02-13.17.22:896][  0]LogInit: Applying CVar settings loaded from the selected device profile: [Windows]
[2020.05.02-13.17.22:899][  0]LogHAL: Display: Platform has ~ 16 GB [17129914368 / 17179869184 / 16], which maps to Larger [LargestMinGB=32, LargerMinGB=12, DefaultMinGB=8, SmallerMinGB=6, SmallestMinGB=0)
[2020.05.02-13.17.22:899][  0]LogInit: Going up to parent DeviceProfile []
[2020.05.02-13.17.22:899][  0]LogConfig: Applying CVar settings from Section [ViewDistanceQuality@3] File [C:/Users/User/Documents/Unreal Projects/klicker3/Saved/Config/Windows/Scalability.ini]
[2020.05.02-13.17.22:899][  0]LogConfig: Setting CVar [[r.SkeletalMeshLODBias:0]]
[2020.05.02-13.17.22:899][  0]LogConfig: Setting CVar [[r.ViewDistanceScale:1.0]]
[2020.05.02-13.17.22:899][  0]LogConfig: Applying CVar settings from Section [AntiAliasingQuality@3] File [C:/Users/User/Documents/Unreal Projects/klicker3/Saved/Config/Windows/Scalability.ini]
[2020.05.02-13.17.22:899][  0]LogConfig: Setting CVar [[r.PostProcessAAQuality:4]]
[2020.05.02-13.17.22:899][  0]LogConfig: Applying CVar settings from Section [ShadowQuality@3] File [C:/Users/User/Documents/Unreal Projects/klicker3/Saved/Config/Windows/Scalability.ini]
[2020.05.02-13.17.22:899][  0]LogConfig: Setting CVar [[r.LightFunctionQuality:1]]
[2020.05.02-13.17.22:899][  0]LogConfig: Setting CVar [[r.ShadowQuality:5]]
[2020.05.02-13.17.22:899][  0]LogConfig: Setting CVar [[r.Shadow.CSM.MaxCascades:10]]
[2020.05.02-13.17.22:899][  0]LogConfig: Setting CVar [[r.Shadow.MaxResolution:2048]]
[2020.05.02-13.17.22:899][  0]LogConfig: Setting CVar [[r.Shadow.MaxCSMResolution:2048]]
[2020.05.02-13.17.22:899][  0]LogConfig: Setting CVar [[r.Shadow.RadiusThreshold:0.01]]
[2020.05.02-13.17.22:899][  0]LogConfig: Setting CVar [[r.Shadow.DistanceScale:1.0]]
[2020.05.02-13.17.22:899][  0]LogConfig: Setting CVar [[r.Shadow.CSM.TransitionScale:1.0]]
[2020.05.02-13.17.22:899][  0]LogConfig: Setting CVar [[r.Shadow.PreShadowResolutionFactor:1.0]]
[2020.05.02-13.17.22:899][  0]LogConfig: Setting CVar [[r.DistanceFieldShadowing:1]]
[2020.05.02-13.17.22:899][  0]LogConfig: Setting CVar [[r.DistanceFieldAO:1]]
[2020.05.02-13.17.22:899][  0]LogConfig: Setting CVar [[r.AOQuality:2]]
[2020.05.02-13.17.22:899][  0]LogConfig: Setting CVar [[r.VolumetricFog:1]]
[2020.05.02-13.17.22:899][  0]LogConfig: Setting CVar [[r.VolumetricFog.GridPixelSize:8]]
[2020.05.02-13.17.22:899][  0]LogConfig: Setting CVar [[r.VolumetricFog.GridSizeZ:128]]
[2020.05.02-13.17.22:899][  0]LogConfig: Setting CVar [[r.VolumetricFog.HistoryMissSupersampleCount:4]]
[2020.05.02-13.17.22:899][  0]LogConfig: Setting CVar [[r.LightMaxDrawDistanceScale:1]]
[2020.05.02-13.17.22:899][  0]LogConfig: Setting CVar [[r.CapsuleShadows:1]]
[2020.05.02-13.17.22:900][  0]LogConfig: Applying CVar settings from Section [PostProcessQuality@3] File [C:/Users/User/Documents/Unreal Projects/klicker3/Saved/Config/Windows/Scalability.ini]
[2020.05.02-13.17.22:900][  0]LogConfig: Setting CVar [[r.MotionBlurQuality:4]]
[2020.05.02-13.17.22:900][  0]LogConfig: Setting CVar [[r.AmbientOcclusionMipLevelFactor:0.4]]
[2020.05.02-13.17.22:900][  0]LogConfig: Setting CVar [[r.AmbientOcclusionMaxQuality:100]]
[2020.05.02-13.17.22:900][  0]LogConfig: Setting CVar [[r.AmbientOcclusionLevels:-1]]
[2020.05.02-13.17.22:900][  0]LogConfig: Setting CVar [[r.AmbientOcclusionRadiusScale:1.0]]
[2020.05.02-13.17.22:900][  0]LogConfig: Setting CVar [[r.DepthOfFieldQuality:2]]
[2020.05.02-13.17.22:900][  0]LogConfig: Setting CVar [[r.RenderTargetPoolMin:400]]
[2020.05.02-13.17.22:900][  0]LogConfig: Setting CVar [[r.LensFlareQuality:2]]
[2020.05.02-13.17.22:900][  0]LogConfig: Setting CVar [[r.SceneColorFringeQuality:1]]
[2020.05.02-13.17.22:900][  0]LogConfig: Setting CVar [[r.EyeAdaptationQuality:2]]
[2020.05.02-13.17.22:900][  0]LogConfig: Setting CVar [[r.BloomQuality:5]]
[2020.05.02-13.17.22:900][  0]LogConfig: Setting CVar [[r.FastBlurThreshold:100]]
[2020.05.02-13.17.22:900][  0]LogConfig: Setting CVar [[r.Upscale.Quality:3]]
[2020.05.02-13.17.22:900][  0]LogConfig: Setting CVar [[r.Tonemapper.GrainQuantization:1]]
[2020.05.02-13.17.22:900][  0]LogConfig: Setting CVar [[r.LightShaftQuality:1]]
[2020.05.02-13.17.22:900][  0]LogConfig: Setting CVar [[r.Filter.SizeScale:1]]
[2020.05.02-13.17.22:900][  0]LogConfig: Setting CVar [[r.Tonemapper.Quality:5]]
[2020.05.02-13.17.22:900][  0]LogConfig: Setting CVar [[r.DOF.Gather.AccumulatorQuality:1        ; higher gathering accumulator quality]]
[2020.05.02-13.17.22:900][  0]LogConfig: Setting CVar [[r.DOF.Gather.PostfilterMethod:1          ; Median3x3 postfilering method]]
[2020.05.02-13.17.22:900][  0]LogConfig: Setting CVar [[r.DOF.Gather.EnableBokehSettings:0       ; no bokeh simulation when gathering]]
[2020.05.02-13.17.22:900][  0]LogConfig: Setting CVar [[r.DOF.Gather.RingCount:4                 ; medium number of samples when gathering]]
[2020.05.02-13.17.22:900][  0]LogConfig: Setting CVar [[r.DOF.Scatter.ForegroundCompositing:1    ; additive foreground scattering]]
[2020.05.02-13.17.22:900][  0]LogConfig: Setting CVar [[r.DOF.Scatter.BackgroundCompositing:2    ; additive background scattering]]
[2020.05.02-13.17.22:900][  0]LogConfig: Setting CVar [[r.DOF.Scatter.EnableBokehSettings:1      ; bokeh simulation when scattering]]
[2020.05.02-13.17.22:900][  0]LogConfig: Setting CVar [[r.DOF.Scatter.MaxSpriteRatio:0.1         ; only a maximum of 10% of scattered bokeh]]
[2020.05.02-13.17.22:900][  0]LogConfig: Setting CVar [[r.DOF.Recombine.Quality:1                ; cheap slight out of focus]]
[2020.05.02-13.17.22:900][  0]LogConfig: Setting CVar [[r.DOF.Recombine.EnableBokehSettings:0    ; no bokeh simulation on slight out of focus]]
[2020.05.02-13.17.22:900][  0]LogConfig: Setting CVar [[r.DOF.TemporalAAQuality:1                ; more stable temporal accumulation]]
[2020.05.02-13.17.22:900][  0]LogConfig: Setting CVar [[r.DOF.Kernel.MaxForegroundRadius:0.025]]
[2020.05.02-13.17.22:900][  0]LogConfig: Setting CVar [[r.DOF.Kernel.MaxBackgroundRadius:0.025]]
[2020.05.02-13.17.22:900][  0]LogConfig: Applying CVar settings from Section [TextureQuality@3] File [C:/Users/User/Documents/Unreal Projects/klicker3/Saved/Config/Windows/Scalability.ini]
[2020.05.02-13.17.22:900][  0]LogConfig: Setting CVar [[r.Streaming.MipBias:0]]
[2020.05.02-13.17.22:900][  0]LogConfig: Setting CVar [[r.Streaming.AmortizeCPUToGPUCopy:0]]
[2020.05.02-13.17.22:900][  0]LogConfig: Setting CVar [[r.Streaming.MaxNumTexturesToStreamPerFrame:0]]
[2020.05.02-13.17.22:900][  0]LogConfig: Setting CVar [[r.Streaming.Boost:1]]
[2020.05.02-13.17.22:900][  0]LogConfig: Setting CVar [[r.MaxAnisotropy:8]]
[2020.05.02-13.17.22:900][  0]LogConfig: Setting CVar [[r.VT.MaxAnisotropy:8]]
[2020.05.02-13.17.22:900][  0]LogConfig: Setting CVar [[r.Streaming.LimitPoolSizeToVRAM:0]]
[2020.05.02-13.17.22:900][  0]LogConfig: Setting CVar [[r.Streaming.PoolSize:1000]]
[2020.05.02-13.17.22:900][  0]LogConfig: Setting CVar [[r.Streaming.MaxEffectiveScreenSize:0]]
[2020.05.02-13.17.22:900][  0]LogConfig: Applying CVar settings from Section [EffectsQuality@3] File [C:/Users/User/Documents/Unreal Projects/klicker3/Saved/Config/Windows/Scalability.ini]
[2020.05.02-13.17.22:900][  0]LogConfig: Setting CVar [[r.TranslucencyLightingVolumeDim:64]]
[2020.05.02-13.17.22:900][  0]LogConfig: Setting CVar [[r.RefractionQuality:2]]
[2020.05.02-13.17.22:900][  0]LogConfig: Setting CVar [[r.SSR.Quality:3]]
[2020.05.02-13.17.22:900][  0]LogConfig: Setting CVar [[r.SSR.HalfResSceneColor:0]]
[2020.05.02-13.17.22:900][  0]LogConfig: Setting CVar [[r.SceneColorFormat:4]]
[2020.05.02-13.17.22:900][  0]LogConfig: Setting CVar [[r.DetailMode:2]]
[2020.05.02-13.17.22:900][  0]LogConfig: Setting CVar [[r.TranslucencyVolumeBlur:1]]
[2020.05.02-13.17.22:900][  0]LogConfig: Setting CVar [[r.MaterialQualityLevel:1 ; High quality]]
[2020.05.02-13.17.22:900][  0]LogConfig: Setting CVar [[r.SSS.Scale:1]]
[2020.05.02-13.17.22:900][  0]LogConfig: Setting CVar [[r.SSS.SampleSet:2]]
[2020.05.02-13.17.22:900][  0]LogConfig: Setting CVar [[r.SSS.Quality:1]]
[2020.05.02-13.17.22:900][  0]LogConfig: Setting CVar [[r.SSS.HalfRes:1]]
[2020.05.02-13.17.22:900][  0]LogConfig: Setting CVar [[r.SSGI.Quality:3]]
[2020.05.02-13.17.22:900][  0]LogConfig: Setting CVar [[r.EmitterSpawnRateScale:1.0]]
[2020.05.02-13.17.22:900][  0]LogConfig: Setting CVar [[r.ParticleLightQuality:2]]
[2020.05.02-13.17.22:900][  0]LogConfig: Setting CVar [[r.SkyAtmosphere.AerialPerspectiveLUT.FastApplyOnOpaque:1 ; Always have FastSkyLUT 1 in this case to avoid wrong sky]]
[2020.05.02-13.17.22:900][  0]LogConfig: Setting CVar [[r.SkyAtmosphere.AerialPerspectiveLUT.SampleCountPerSlice:1]]
[2020.05.02-13.17.22:900][  0]LogConfig: Setting CVar [[r.SkyAtmosphere.AerialPerspectiveLUT.DepthResolution:16.0]]
[2020.05.02-13.17.22:900][  0]LogConfig: Setting CVar [[r.SkyAtmosphere.FastSkyLUT:1]]
[2020.05.02-13.17.22:900][  0]LogConfig: Setting CVar [[r.SkyAtmosphere.FastSkyLUT.SampleCountMin:4.0]]
[2020.05.02-13.17.22:900][  0]LogConfig: Setting CVar [[r.SkyAtmosphere.FastSkyLUT.SampleCountMax:32.0]]
[2020.05.02-13.17.22:900][  0]LogConfig: Setting CVar [[r.SkyAtmosphere.SampleCountMin:4.0]]
[2020.05.02-13.17.22:900][  0]LogConfig: Setting CVar [[r.SkyAtmosphere.SampleCountMax:32.0]]
[2020.05.02-13.17.22:900][  0]LogConfig: Setting CVar [[r.SkyAtmosphere.TransmittanceLUT.UseSmallFormat:0]]
[2020.05.02-13.17.22:900][  0]LogConfig: Setting CVar [[r.SkyAtmosphere.TransmittanceLUT.SampleCount:10.0]]
[2020.05.02-13.17.22:900][  0]LogConfig: Setting CVar [[r.SkyAtmosphere.MultiScatteringLUT.SampleCount:15.0]]
[2020.05.02-13.17.22:900][  0]LogConfig: Applying CVar settings from Section [FoliageQuality@3] File [C:/Users/User/Documents/Unreal Projects/klicker3/Saved/Config/Windows/Scalability.ini]
[2020.05.02-13.17.22:900][  0]LogConfig: Setting CVar [[foliage.DensityScale:1.0]]
[2020.05.02-13.17.22:900][  0]LogConfig: Setting CVar [[grass.DensityScale:1.0]]
[2020.05.02-13.17.22:900][  0]LogConfig: Applying CVar settings from Section [ShadingQuality@3] File [C:/Users/User/Documents/Unreal Projects/klicker3/Saved/Config/Windows/Scalability.ini]
[2020.05.02-13.17.22:900][  0]LogConfig: Setting CVar [[r.HairStrands.SkyLighting.SampleCount:16]]
[2020.05.02-13.17.22:900][  0]LogConfig: Setting CVar [[r.HairStrands.SkyLighting.JitterIntegration:0]]
[2020.05.02-13.17.22:900][  0]LogConfig: Setting CVar [[r.HairStrands.SkyAO.SampleCount:16]]
[2020.05.02-13.17.22:901][  0]LogConfig: Applying CVar settings from Section [Startup] File [../../../Engine/Config/ConsoleVariables.ini]
[2020.05.02-13.17.22:901][  0]LogConfig: Setting CVar [[net.UseAdaptiveNetUpdateFrequency:0]]
[2020.05.02-13.17.22:901][  0]LogConfig: Setting CVar [[p.chaos.AllowCreatePhysxBodies:1]]
[2020.05.02-13.17.22:901][  0]LogConfig: Applying CVar settings from Section [ConsoleVariables] File [C:/Users/User/Documents/Unreal Projects/klicker3/Saved/Config/Windows/Engine.ini]
[2020.05.02-13.17.22:901][  0]LogInit: Computer: DESKTOP-6KEVIG0
[2020.05.02-13.17.22:901][  0]LogInit: User: User
[2020.05.02-13.17.22:901][  0]LogInit: CPU Page size=4096, Cores=6
[2020.05.02-13.17.22:901][  0]LogInit: High frequency timer resolution =10.000000 MHz
[2020.05.02-13.17.22:901][  0]LogMemory: Memory total: Physical=16.0GB (16GB approx)
[2020.05.02-13.17.22:901][  0]LogMemory: Platform Memory Stats for Windows
[2020.05.02-13.17.22:901][  0]LogMemory: Process Physical Memory: 104.70 MB used, 104.70 MB peak
[2020.05.02-13.17.22:901][  0]LogMemory: Process Virtual Memory: 100.36 MB used, 100.36 MB peak
[2020.05.02-13.17.22:901][  0]LogMemory: Physical Memory: 8064.43 MB used,  8271.93 MB free, 16336.36 MB total
[2020.05.02-13.17.22:901][  0]LogMemory: Virtual Memory: 5131.61 MB used,  134212600.00 MB free, 134217728.00 MB total
[2020.05.02-13.17.22:903][  0]LogWindows: WindowsPlatformFeatures enabled
[2020.05.02-13.17.22:923][  0]LogInit: Using OS detected language (ru-RU).
[2020.05.02-13.17.22:923][  0]LogInit: Using OS detected locale (ru-RU).
[2020.05.02-13.17.22:923][  0]LogTextLocalizationManager: No specific localization for 'ru-RU' exists, so the 'ru' localization will be used.
[2020.05.02-13.17.22:924][  0]LogTextLocalizationResource: LocRes '../../../Engine/Content/Localization/Editor/ru/Editor.locres' could not be opened for reading!
[2020.05.02-13.17.22:924][  0]LogTextLocalizationResource: LocRes '../../../Engine/Content/Localization/EditorTutorials/ru/EditorTutorials.locres' could not be opened for reading!
[2020.05.02-13.17.22:924][  0]LogTextLocalizationResource: LocRes '../../../Engine/Content/Localization/Keywords/ru/Keywords.locres' could not be opened for reading!
[2020.05.02-13.17.22:924][  0]LogTextLocalizationResource: LocRes '../../../Engine/Content/Localization/Category/ru/Category.locres' could not be opened for reading!
[2020.05.02-13.17.22:924][  0]LogTextLocalizationResource: LocRes '../../../Engine/Content/Localization/ToolTips/ru/ToolTips.locres' could not be opened for reading!
[2020.05.02-13.17.22:924][  0]LogTextLocalizationResource: LocRes '../../../Engine/Content/Localization/PropertyNames/ru/PropertyNames.locres' could not be opened for reading!
[2020.05.02-13.17.22:924][  0]LogTextLocalizationResource: LocRes '../../../Engine/Content/Localization/Engine/ru/Engine.locres' could not be opened for reading!
[2020.05.02-13.17.22:925][  0]LogInit: Setting process to per monitor DPI aware
[2020.05.02-13.17.22:949][  0]LogSlate: New Slate User Created.  User Index 0, Is Virtual User: 0
[2020.05.02-13.17.22:949][  0]LogSlate: Slate User Registered.  User Index 0, Is Virtual User: 0
[2020.05.02-13.17.23:037][  0]LogHMD: Failed to initialize OpenVR with code 110
[2020.05.02-13.17.23:037][  0]LogD3D11RHI: D3D11 min allowed feature level: 11_0
[2020.05.02-13.17.23:037][  0]LogD3D11RHI: D3D11 max allowed feature level: 11_0
[2020.05.02-13.17.23:037][  0]LogD3D11RHI: D3D11 adapters:
[2020.05.02-13.17.23:105][  0]LogD3D11RHI:    0. 'NVIDIA GeForce GTX 1060 6GB' (Feature Level 11_0)
[2020.05.02-13.17.23:105][  0]LogD3D11RHI:       6052/0/8168 MB DedicatedVideo/DedicatedSystem/SharedSystem, Outputs:1, VendorId:0x10de
[2020.05.02-13.17.23:107][  0]LogD3D11RHI:    1. 'Microsoft Basic Render Driver' (Feature Level 11_0)
[2020.05.02-13.17.23:107][  0]LogD3D11RHI:       0/0/8168 MB DedicatedVideo/DedicatedSystem/SharedSystem, Outputs:0, VendorId:0x1414
[2020.05.02-13.17.23:107][  0]LogD3D11RHI: Chosen D3D11 Adapter: 0
[2020.05.02-13.17.23:154][  0]LogD3D11RHI: Creating new Direct3DDevice
[2020.05.02-13.17.23:154][  0]LogD3D11RHI:     GPU DeviceId: 0x1b83 (for the marketing name, search the web for "GPU Device Id")
[2020.05.02-13.17.23:154][  0]LogWindows: EnumDisplayDevices:
[2020.05.02-13.17.23:154][  0]LogWindows:    0. 'NVIDIA GeForce GTX 1060 6GB' (P:1 D:1)
[2020.05.02-13.17.23:154][  0]LogWindows:    1. 'NVIDIA GeForce GTX 1060 6GB' (P:0 D:0)
[2020.05.02-13.17.23:155][  0]LogWindows:    2. 'NVIDIA GeForce GTX 1060 6GB' (P:0 D:0)
[2020.05.02-13.17.23:155][  0]LogWindows:    3. 'NVIDIA GeForce GTX 1060 6GB' (P:0 D:0)
[2020.05.02-13.17.23:155][  0]LogWindows: DebugString: FoundDriverCount:4 
[2020.05.02-13.17.23:155][  0]LogD3D11RHI:     Adapter Name: NVIDIA GeForce GTX 1060 6GB
[2020.05.02-13.17.23:155][  0]LogD3D11RHI:   Driver Version: 441.66 (internal:26.21.14.4166, unified:441.66)
[2020.05.02-13.17.23:155][  0]LogD3D11RHI:      Driver Date: 12-6-2019
[2020.05.02-13.17.23:155][  0]LogRHI: Texture pool is 4236 MB (70% of 6052 MB)
[2020.05.02-13.17.23:197][  0]LogD3D11RHI: RHI has support for 64 bit atomics
[2020.05.02-13.17.23:197][  0]LogD3D11RHI: Async texture creation enabled
[2020.05.02-13.17.23:215][  0]LogD3D11RHI: GPU Timing Frequency: 1000.000000 (Debug: 2 1)
[2020.05.02-13.17.23:559][  0]LogTargetPlatformManager: Display: Loaded TargetPlatform 'AllDesktop'
[2020.05.02-13.17.23:588][  0]LogTargetPlatformManager: Display: Loaded TargetPlatform 'Android'
[2020.05.02-13.17.23:588][  0]LogTargetPlatformManager: Display: Loaded TargetPlatform 'Android_ASTC'
[2020.05.02-13.17.23:588][  0]LogTargetPlatformManager: Display: Loaded TargetPlatform 'Android_ATC'
[2020.05.02-13.17.23:588][  0]LogTargetPlatformManager: Display: Loaded TargetPlatform 'Android_DXT'
[2020.05.02-13.17.23:588][  0]LogTargetPlatformManager: Display: Loaded TargetPlatform 'Android_ETC1'
[2020.05.02-13.17.23:588][  0]LogTargetPlatformManager: Display: Loaded TargetPlatform 'Android_ETC1a'
[2020.05.02-13.17.23:588][  0]LogTargetPlatformManager: Display: Loaded TargetPlatform 'Android_ETC2'
[2020.05.02-13.17.23:588][  0]LogTargetPlatformManager: Display: Loaded TargetPlatform 'Android_PVRTC'
[2020.05.02-13.17.23:588][  0]LogTargetPlatformManager: Display: Loaded TargetPlatform 'AndroidClient'
[2020.05.02-13.17.23:588][  0]LogTargetPlatformManager: Display: Loaded TargetPlatform 'Android_ASTCClient'
[2020.05.02-13.17.23:588][  0]LogTargetPlatformManager: Display: Loaded TargetPlatform 'Android_ATCClient'
[2020.05.02-13.17.23:588][  0]LogTargetPlatformManager: Display: Loaded TargetPlatform 'Android_DXTClient'
[2020.05.02-13.17.23:588][  0]LogTargetPlatformManager: Display: Loaded TargetPlatform 'Android_ETC1Client'
[2020.05.02-13.17.23:588][  0]LogTargetPlatformManager: Display: Loaded TargetPlatform 'Android_ETC1aClient'
[2020.05.02-13.17.23:588][  0]LogTargetPlatformManager: Display: Loaded TargetPlatform 'Android_ETC2Client'
[2020.05.02-13.17.23:588][  0]LogTargetPlatformManager: Display: Loaded TargetPlatform 'Android_PVRTCClient'
[2020.05.02-13.17.23:588][  0]LogTargetPlatformManager: Display: Loaded TargetPlatform 'Android_Multi'
[2020.05.02-13.17.23:588][  0]LogTargetPlatformManager: Display: Loaded TargetPlatform 'Android_MultiClient'
[2020.05.02-13.17.23:605][  0]LogTargetPlatformManager: Display: Loaded TargetPlatform 'IOSClient'
[2020.05.02-13.17.23:605][  0]LogTargetPlatformManager: Display: Loaded TargetPlatform 'IOS'
[2020.05.02-13.17.23:612][  0]LogTargetPlatformManager: Display: Loaded TargetPlatform 'LinuxNoEditor'
[2020.05.02-13.17.23:619][  0]LogTargetPlatformManager: Display: Loaded TargetPlatform 'LinuxClient'
[2020.05.02-13.17.23:625][  0]LogTargetPlatformManager: Display: Loaded TargetPlatform 'LinuxServer'
[2020.05.02-13.17.23:632][  0]LogTargetPlatformManager: Display: Loaded TargetPlatform 'LinuxAArch64NoEditor'
[2020.05.02-13.17.23:639][  0]LogTargetPlatformManager: Display: Loaded TargetPlatform 'LinuxAArch64Client'
[2020.05.02-13.17.23:645][  0]LogTargetPlatformManager: Display: Loaded TargetPlatform 'LinuxAArch64Server'
[2020.05.02-13.17.23:669][  0]LogTargetPlatformManager: Display: Loaded TargetPlatform 'Lumin'
[2020.05.02-13.17.23:669][  0]LogTargetPlatformManager: Display: Loaded TargetPlatform 'LuminClient'
[2020.05.02-13.17.23:681][  0]LogTargetPlatformManager: Display: Loaded TargetPlatform 'TVOSClient'
[2020.05.02-13.17.23:682][  0]LogTargetPlatformManager: Display: Loaded TargetPlatform 'TVOS'
[2020.05.02-13.17.23:688][  0]LogTargetPlatformManager: Display: Loaded TargetPlatform 'WindowsNoEditor'
[2020.05.02-13.17.23:695][  0]LogTargetPlatformManager: Display: Loaded TargetPlatform 'Windows'
[2020.05.02-13.17.23:702][  0]LogTargetPlatformManager: Display: Loaded TargetPlatform 'WindowsClient'
[2020.05.02-13.17.23:709][  0]LogTargetPlatformManager: Display: Loaded TargetPlatform 'WindowsServer'
[2020.05.02-13.17.23:709][  0]LogTargetPlatformManager: Display: Building Assets For Windows
[2020.05.02-13.17.23:712][  0]LogAudioDebug: Display: Lib vorbis DLL was dynamically loaded.
[2020.05.02-13.17.23:736][  0]LogShaderCompilers: Guid format shader working directory is -5 characters bigger than the processId version (C:/Users/User/Documents/Unreal Projects/klicker3/Intermediate/Shaders/WorkingDirectory/212528/).
[2020.05.02-13.17.23:736][  0]LogShaderCompilers: Cleaned the shader compiler working directory 'C:/Users/User/AppData/Local/Temp/UnrealShaderWorkingDir/27DB2173418C66B041CD8C9F1EF22EE4/'.
[2020.05.02-13.17.23:737][  0]LogXGEController: Cannot use XGE Controller as Incredibuild is not installed on this machine.
[2020.05.02-13.17.23:737][  0]LogShaderCompilers: Cannot use XGE Shader Compiler as Incredibuild is not installed on this machine.
[2020.05.02-13.17.23:737][  0]LogShaderCompilers: Display: Using Local Shader Compiler.
[2020.05.02-13.17.24:359][  0]LogDerivedDataCache: Display: Max Cache Size: 512 MB
[2020.05.02-13.17.24:410][  0]LogDerivedDataCache: Loaded boot cache 0.05s 78MB C:/Users/User/AppData/Local/UnrealEngine/4.24/DerivedDataCache/Boot.ddc.
[2020.05.02-13.17.24:410][  0]LogDerivedDataCache: Display: Loaded Boot cache: C:/Users/User/AppData/Local/UnrealEngine/4.24/DerivedDataCache/Boot.ddc
[2020.05.02-13.17.24:410][  0]LogDerivedDataCache: FDerivedDataBackendGraph:  Pak pak cache file C:/Users/User/Documents/Unreal Projects/klicker3/DerivedDataCache/DDC.ddp not found, will not use a pak cache.
[2020.05.02-13.17.24:410][  0]LogDerivedDataCache: Unable to find inner node Pak for hierarchical cache Hierarchy.
[2020.05.02-13.17.24:410][  0]LogDerivedDataCache: FDerivedDataBackendGraph:  CompressedPak pak cache file C:/Users/User/Documents/Unreal Projects/klicker3/DerivedDataCache/Compressed.ddp not found, will not use a pak cache.
[2020.05.02-13.17.24:410][  0]LogDerivedDataCache: Unable to find inner node CompressedPak for hierarchical cache Hierarchy.
[2020.05.02-13.17.24:419][  0]LogDerivedDataCache: Display: Pak cache opened for reading ../../../Engine/DerivedDataCache/Compressed.ddp.
[2020.05.02-13.17.24:419][  0]LogDerivedDataCache: FDerivedDataBackendGraph:  EnterprisePak pak cache file ../../../Enterprise/DerivedDataCache/Compressed.ddp not found, will not use a pak cache.
[2020.05.02-13.17.24:419][  0]LogDerivedDataCache: Unable to find inner node EnterprisePak for hierarchical cache Hierarchy.
[2020.05.02-13.17.24:421][  0]LogDerivedDataCache: Using Local data cache path C:/Users/User/AppData/Local/UnrealEngine/Common/DerivedDataCache: Writable
[2020.05.02-13.17.24:421][  0]LogDerivedDataCache: Shared data cache path not found in *engine.ini, will not use an Shared cache.
[2020.05.02-13.17.24:421][  0]LogDerivedDataCache: Unable to find inner node Shared for hierarchical cache Hierarchy.
[2020.05.02-13.17.24:442][  0]LogMaterial: Verifying Global Shaders for PCD3D_SM5
[2020.05.02-13.17.24:445][  0]LogSlate: Using FreeType 2.10.0
[2020.05.02-13.17.24:445][  0]LogSlate: SlateFontServices - WITH_FREETYPE: 1, WITH_HARFBUZZ: 1
[2020.05.02-13.17.24:486][  0]LogAssetRegistry: FAssetRegistry took 0.0022 seconds to start up
[2020.05.02-13.17.24:738][  0]LogInit: Selected Device Profile: [Windows]
[2020.05.02-13.17.24:878][  0]LogMeshReduction: Using QuadricMeshReduction for automatic static mesh reduction
[2020.05.02-13.17.24:878][  0]LogMeshReduction: Using SimplygonMeshReduction for automatic skeletal mesh reduction
[2020.05.02-13.17.24:878][  0]LogMeshReduction: Using ProxyLODMeshReduction for automatic mesh merging
[2020.05.02-13.17.24:878][  0]LogMeshReduction: No distributed automatic mesh merging module available
[2020.05.02-13.17.24:878][  0]LogMeshMerging: No distributed automatic mesh merging module available
[2020.05.02-13.17.24:888][  0]LogNetVersion: klicker3 1.0.0, NetCL: 10570792, EngineNetVer: 13, GameNetVer: 0 (Checksum: 2254278509)
[2020.05.02-13.17.25:742][  0]LogPackageLocalizationCache: Processed 11 localized package path(s) for 1 prioritized culture(s) in 0.039003 seconds
[2020.05.02-13.17.25:747][  0]LogUObjectArray: 46750 objects as part of root set at end of initial load.
[2020.05.02-13.17.25:747][  0]LogUObjectAllocator: 8137160 out of 0 bytes used by permanent object pool.
[2020.05.02-13.17.25:747][  0]LogUObjectArray: CloseDisregardForGC: 0/0 objects in disregard for GC pool
[2020.05.02-13.17.26:185][  0]LogTcpMessaging: Initializing TcpMessaging bridge
[2020.05.02-13.17.26:188][  0]LogUdpMessaging: Initializing bridge on interface 0.0.0.0:0 to multicast group 230.0.0.1:6666.
[2020.05.02-13.17.26:437][  0]SourceControl: Source control is disabled
[2020.05.02-13.17.26:437][  0]SourceControl: Source control is disabled
[2020.05.02-13.17.26:438][  0]SourceControl: Source control is disabled
[2020.05.02-13.17.26:439][  0]SourceControl: Source control is disabled
[2020.05.02-13.17.26:440][  0]SourceControl: Source control is disabled
[2020.05.02-13.17.26:525][  0]LogAndroidPermission: UAndroidPermissionCallbackProxy::GetInstance
[2020.05.02-13.17.26:536][  0]LogAudioCaptureCore: Display: No Audio Capture implementations found. Audio input will be silent.
[2020.05.02-13.17.26:536][  0]LogAudioCaptureCore: Display: No Audio Capture implementations found. Audio input will be silent.
[2020.05.02-13.17.26:610][  0]LogOcInput: OculusInput pre-init called
[2020.05.02-13.17.26:620][  0]LogWindows: Failed to load 'OVRPlugin.dll' (GetLastError=126)
[2020.05.02-13.17.26:620][  0]LogWindows: File 'OVRPlugin.dll' does not exist
[2020.05.02-13.17.26:678][  0]LogEngine: Initializing Engine...
[2020.05.02-13.17.26:680][  0]LogHMD: Failed to initialize OpenVR with code 110
[2020.05.02-13.17.26:681][  0]LogStats: UGameplayTagsManager::InitializeManager -  0.000 s
[2020.05.02-13.17.26:975][  0]LogInit: Initializing FReadOnlyCVARCache
[2020.05.02-13.17.26:981][  0]LogAIModule: Creating AISystem for world Untitled
[2020.05.02-13.17.26:997][  0]LogAudioMixer: Display: Audio Mixer Platform Settings:
[2020.05.02-13.17.26:997][  0]LogAudioMixer: Display: 	Sample Rate:						  48000
[2020.05.02-13.17.26:997][  0]LogAudioMixer: Display: 	Callback Buffer Frame Size Requested: 1024
[2020.05.02-13.17.26:997][  0]LogAudioMixer: Display: 	Callback Buffer Frame Size To Use:	  1024
[2020.05.02-13.17.26:997][  0]LogAudioMixer: Display: 	Number of buffers to queue:			  2
[2020.05.02-13.17.26:997][  0]LogAudioMixer: Display: 	Max Channels (voices):				  32
[2020.05.02-13.17.26:998][  0]LogAudioMixer: Display: 	Number of Async Source Workers:		  0
[2020.05.02-13.17.26:998][  0]LogAudio: Display: AudioDevice MaxSources: 32
[2020.05.02-13.17.26:998][  0]LogAudio: Display: Using built-in audio occlusion.
[2020.05.02-13.17.26:998][  0]LogAudioMixer: Display: Initializing audio mixer.
[2020.05.02-13.17.27:059][  0]LogAudioMixer: Display: Audio Device Output Speaker Info:
[2020.05.02-13.17.27:059][  0]LogAudioMixer: Display: Name: Наушники (High Definition Audio Device)
[2020.05.02-13.17.27:059][  0]LogAudioMixer: Display: Is Default: Yes
[2020.05.02-13.17.27:059][  0]LogAudioMixer: Display: Sample Rate: 48000
[2020.05.02-13.17.27:059][  0]LogAudioMixer: Display: Channel Count Used: 2
[2020.05.02-13.17.27:059][  0]LogAudioMixer: Display: Device Channel Count: 2
[2020.05.02-13.17.27:059][  0]LogAudioMixer: Display: Channel Order:
[2020.05.02-13.17.27:059][  0]LogAudioMixer: Display: 0: FrontLeft
[2020.05.02-13.17.27:059][  0]LogAudioMixer: Display: 1: FrontRight
[2020.05.02-13.17.27:078][  0]LogAudioMixer: Display: Using Audio Device Наушники (High Definition Audio Device)
[2020.05.02-13.17.27:082][  0]LogInit: FAudioDevice initialized.
[2020.05.02-13.17.27:083][  0]LogNetVersion: Set ProjectVersion to 1.0.0.0. Version Checksum will be recalculated on next use.
[2020.05.02-13.17.27:162][  0]LogDerivedDataCache: Saved boot cache 0.08s 78MB C:/Users/User/AppData/Local/UnrealEngine/4.24/DerivedDataCache/Boot.ddc.
[2020.05.02-13.17.27:163][  0]LogInit: Texture streaming: Enabled
[2020.05.02-13.17.27:172][  0]LogEngineSessionManager: EngineSessionManager initialized
[2020.05.02-13.17.27:172][  0]LogEditorSessionSummary: Verbose: Initializing EditorSessionSummaryWriter for editor session tracking
[2020.05.02-13.17.27:174][  0]LogEditorSessionSummary: EditorSessionSummaryWriter initialized
[2020.05.02-13.17.27:240][  0]LogInit: Transaction tracking system initialized
[2020.05.02-13.17.27:248][  0]BlueprintLog: New page: Editor Load
[2020.05.02-13.17.27:299][  0]LocalizationService: Localization service is disabled
[2020.05.02-13.17.27:543][  0]LogFileCache: Scanning file cache for directory 'C:/Users/User/Documents/Unreal Projects/klicker3/Content/' took 0.00s
[2020.05.02-13.17.27:543][  0]LogCook: Display: Max memory allowance for cook 16384mb min free memory 0mb
[2020.05.02-13.17.27:543][  0]LogCook: Display: Mobile HDR setting 0
[2020.05.02-13.17.28:059][  0]SourceControl: Source control is disabled
[2020.05.02-13.17.28:060][  0]Cmd: MAP LOAD FILE="../../../Engine/Content/Maps/Templates/Template_Default.umap" TEMPLATE=1 SHOWPROGRESS=1 FEATURELEVEL=3
[2020.05.02-13.17.28:060][  0]LightingResults: New page: Lighting Build
[2020.05.02-13.17.28:060][  0]LogWorld: UWorld::CleanupWorld for Untitled, bSessionEnded=true, bCleanupResources=true
[2020.05.02-13.17.28:061][  0]LogSlate: InvalidateAllWidgets triggered.  All widgets were invalidated
[2020.05.02-13.17.28:061][  0]MapCheck: New page: Map Check
[2020.05.02-13.17.28:061][  0]LightingResults: New page: Lighting Build
[2020.05.02-13.17.28:086][  0]LogUObjectHash: Compacting FUObjectHashTables data took   1.44ms
[2020.05.02-13.17.28:152][  0]LogAIModule: Creating AISystem for world Untitled_1
[2020.05.02-13.17.28:155][  0]LogEditorServer: Finished looking for orphan Actors (0.000 secs)
[2020.05.02-13.17.28:179][  0]LogUObjectHash: Compacting FUObjectHashTables data took   2.14ms
[2020.05.02-13.17.28:180][  0]Cmd: MAP CHECKDEP NOCLEARLOG
[2020.05.02-13.17.28:180][  0]MapCheck: Map check complete: 0 Error(s), 0 Warning(s), took 0,425ms to complete.
[2020.05.02-13.17.28:180][  0]LogFileHelpers: Loading map 'Template_Default' took 0.120
[2020.05.02-13.17.28:289][  0]LogSlate: Updating window title bar state: overlay mode, drag disabled, window buttons hidden, title bar hidden
[2020.05.02-13.17.28:295][  0]LogSlate: Updating window title bar state: overlay mode, drag disabled, window buttons hidden, title bar hidden
[2020.05.02-13.17.28:301][  0]LogSlate: Updating window title bar state: overlay mode, drag disabled, window buttons hidden, title bar hidden
[2020.05.02-13.17.28:306][  0]LogSlate: Updating window title bar state: overlay mode, drag disabled, window buttons hidden, title bar hidden
[2020.05.02-13.17.28:310][  0]LogCollectionManager: Loaded 0 collections in 0.000703 seconds
[2020.05.02-13.17.28:322][  0]LogFileCache: Scanning file cache for directory 'C:/Users/User/Documents/Unreal Projects/klicker3/Saved/Collections/' took 0.00s
[2020.05.02-13.17.28:322][  0]LogFileCache: Scanning file cache for directory 'C:/Users/User/Documents/Unreal Projects/klicker3/Content/Developers/User/Collections/' took 0.00s
[2020.05.02-13.17.28:322][  0]LogFileCache: Scanning file cache for directory 'C:/Users/User/Documents/Unreal Projects/klicker3/Content/Collections/' took 0.00s
[2020.05.02-13.17.28:322][  0]LogContentBrowser: Native class hierarchy populated in 0.0069 seconds. Added 3025 classes and 735 folders.
[2020.05.02-13.17.28:324][  0]LogContentBrowser: Native class hierarchy updated for 'WidgetCarousel' in 0.0002 seconds. Added 0 classes and 0 folders.
[2020.05.02-13.17.28:358][  0]LogContentBrowser: Native class hierarchy updated for 'AddContentDialog' in 0.0002 seconds. Added 0 classes and 0 folders.
[2020.05.02-13.17.28:361][  0]LogContentBrowser: Native class hierarchy updated for 'SceneOutliner' in 0.0002 seconds. Added 2 classes and 3 folders.
[2020.05.02-13.17.28:578][  0]LogSlate: Took 0.000104 seconds to synchronously load lazily loaded font '../../../Engine/Content/Slate/Fonts/Roboto-Regular.ttf' (155K)
[2020.05.02-13.17.28:580][  0]LogSlate: Took 0.000115 seconds to synchronously load lazily loaded font '../../../Engine/Content/Slate/Fonts/Roboto-Bold.ttf' (160K)
[2020.05.02-13.17.28:583][  0]LogSlate: Took 0.000075 seconds to synchronously load lazily loaded font '../../../Engine/Content/Editor/Slate/Fonts/FontAwesome.ttf' (139K)
[2020.05.02-13.17.28:585][  0]LogSlate: Took 0.000058 seconds to synchronously load lazily loaded font '../../../Engine/Content/Slate/Fonts/DroidSansMono.ttf' (77K)
[2020.05.02-13.17.28:687][  0]LogRenderer: Reallocating scene render targets to support 1208x572 Format 10 NumSamples 1 (Frame:1).
[2020.05.02-13.17.28:782][  0]LogContentBrowser: Native class hierarchy updated for 'HierarchicalLODOutliner' in 0.0002 seconds. Added 0 classes and 0 folders.
[2020.05.02-13.17.28:782][  0]LogLoad: (Engine Initialization) Total time: 6.78 seconds
[2020.05.02-13.17.28:782][  0]LogLoad: (Engine Initialization) Total Blueprint compile time: 0.00 seconds
[2020.05.02-13.17.28:820][  0]LogAssetRegistry: Asset discovery search completed in 4.3340 seconds
[2020.05.02-13.17.28:822][  0]LogCollectionManager: Fixed up redirectors for 0 collections in 0.000007 seconds (updated 0 objects)
[2020.05.02-13.17.28:824][  0]LogContentStreaming: Texture pool size now 1000 MB
[2020.05.02-13.17.28:843][  0]LogSlate: Took 0.000083 seconds to synchronously load lazily loaded font '../../../Engine/Content/Slate/Fonts/Roboto-Light.ttf' (167K)
[2020.05.02-13.18.04:466][480]LogRenderer: Reallocating scene render targets to support 1208x576 Format 10 NumSamples 1 (Frame:3176).
[2020.05.02-13.18.04:515][484]LogRenderer: Reallocating scene render targets to support 1208x580 Format 10 NumSamples 1 (Frame:3180).
[2020.05.02-13.18.04:552][486]LogRenderer: Reallocating scene render targets to support 1208x584 Format 10 NumSamples 1 (Frame:3184).
[2020.05.02-13.18.04:575][488]LogRenderer: Reallocating scene render targets to support 1208x588 Format 10 NumSamples 1 (Frame:3186).
[2020.05.02-13.18.04:643][495]LogRenderer: Reallocating scene render targets to support 1208x592 Format 10 NumSamples 1 (Frame:3190).
[2020.05.02-13.18.04:725][503]LogRenderer: Reallocating scene render targets to support 1208x596 Format 10 NumSamples 1 (Frame:3194).
[2020.05.02-13.18.04:791][510]LogRenderer: Reallocating scene render targets to support 1208x600 Format 10 NumSamples 1 (Frame:3198).
[2020.05.02-13.18.04:848][515]LogRenderer: Reallocating scene render targets to support 1208x604 Format 10 NumSamples 1 (Frame:3202).
[2020.05.02-13.18.04:937][524]LogRenderer: Reallocating scene render targets to support 1208x608 Format 10 NumSamples 1 (Frame:3206).
[2020.05.02-13.18.04:992][529]LogRenderer: Reallocating scene render targets to support 1208x612 Format 10 NumSamples 1 (Frame:3210).
[2020.05.02-13.18.05:029][531]LogRenderer: Reallocating scene render targets to support 1208x616 Format 10 NumSamples 1 (Frame:3214).
[2020.05.02-13.18.05:063][533]LogRenderer: Reallocating scene render targets to support 1208x620 Format 10 NumSamples 1 (Frame:3218).
[2020.05.02-13.18.05:085][535]LogRenderer: Reallocating scene render targets to support 1208x624 Format 10 NumSamples 1 (Frame:3220).
[2020.05.02-13.18.05:131][539]LogRenderer: Reallocating scene render targets to support 1208x628 Format 10 NumSamples 1 (Frame:3224).
[2020.05.02-13.18.05:184][542]LogRenderer: Reallocating scene render targets to support 1208x632 Format 10 NumSamples 1 (Frame:3230).
[2020.05.02-13.18.05:235][545]LogRenderer: Reallocating scene render targets to support 1208x636 Format 10 NumSamples 1 (Frame:3236).
[2020.05.02-13.18.05:270][547]LogRenderer: Reallocating scene render targets to support 1208x640 Format 10 NumSamples 1 (Frame:3240).
[2020.05.02-13.18.05:288][548]LogRenderer: Reallocating scene render targets to support 1208x644 Format 10 NumSamples 1 (Frame:3242).
[2020.05.02-13.18.05:308][549]LogRenderer: Reallocating scene render targets to support 1208x648 Format 10 NumSamples 1 (Frame:3244).
[2020.05.02-13.18.05:346][551]LogRenderer: Reallocating scene render targets to support 1208x652 Format 10 NumSamples 1 (Frame:3248).
[2020.05.02-13.18.05:362][552]LogRenderer: Reallocating scene render targets to support 1208x656 Format 10 NumSamples 1 (Frame:3250).
[2020.05.02-13.18.05:406][555]LogRenderer: Reallocating scene render targets to support 1208x660 Format 10 NumSamples 1 (Frame:3254).
[2020.05.02-13.18.05:440][557]LogRenderer: Reallocating scene render targets to support 1208x664 Format 10 NumSamples 1 (Frame:3258).
[2020.05.02-13.18.05:474][559]LogRenderer: Reallocating scene render targets to support 1208x668 Format 10 NumSamples 1 (Frame:3262).
[2020.05.02-13.18.05:493][560]LogRenderer: Reallocating scene render targets to support 1208x672 Format 10 NumSamples 1 (Frame:3264).
[2020.05.02-13.18.05:511][561]LogRenderer: Reallocating scene render targets to support 1208x676 Format 10 NumSamples 1 (Frame:3266).
[2020.05.02-13.18.05:544][563]LogRenderer: Reallocating scene render targets to support 1208x680 Format 10 NumSamples 1 (Frame:3270).
[2020.05.02-13.18.05:568][565]LogRenderer: Reallocating scene render targets to support 1208x684 Format 10 NumSamples 1 (Frame:3272).
[2020.05.02-13.18.05:619][568]LogRenderer: Reallocating scene render targets to support 1208x688 Format 10 NumSamples 1 (Frame:3278).
[2020.05.02-13.18.05:675][573]LogRenderer: Reallocating scene render targets to support 1208x692 Format 10 NumSamples 1 (Frame:3282).
[2020.05.02-13.18.05:780][584]LogRenderer: Reallocating scene render targets to support 1208x696 Format 10 NumSamples 1 (Frame:3286).
[2020.05.02-13.18.06:131][623]LogRenderer: Reallocating scene render targets to support 1208x700 Format 10 NumSamples 1 (Frame:3292).
[2020.05.02-13.18.06:154][625]LogRenderer: Reallocating scene render targets to support 1208x704 Format 10 NumSamples 1 (Frame:3294).
[2020.05.02-13.18.06:210][630]LogRenderer: Reallocating scene render targets to support 1208x708 Format 10 NumSamples 1 (Frame:3298).
[2020.05.02-13.18.06:259][634]LogRenderer: Reallocating scene render targets to support 1208x712 Format 10 NumSamples 1 (Frame:3302).
[2020.05.02-13.18.06:283][636]LogRenderer: Reallocating scene render targets to support 1208x716 Format 10 NumSamples 1 (Frame:3304).
[2020.05.02-13.18.06:307][638]LogRenderer: Reallocating scene render targets to support 1208x720 Format 10 NumSamples 1 (Frame:3306).
[2020.05.02-13.18.06:341][640]LogRenderer: Reallocating scene render targets to support 1208x724 Format 10 NumSamples 1 (Frame:3310).
[2020.05.02-13.18.06:381][642]LogRenderer: Reallocating scene render targets to support 1208x728 Format 10 NumSamples 1 (Frame:3314).
[2020.05.02-13.18.06:415][644]LogRenderer: Reallocating scene render targets to support 1208x732 Format 10 NumSamples 1 (Frame:3318).
[2020.05.02-13.18.06:454][646]LogRenderer: Reallocating scene render targets to support 1208x736 Format 10 NumSamples 1 (Frame:3322).
[2020.05.02-13.18.06:472][647]LogRenderer: Reallocating scene render targets to support 1208x740 Format 10 NumSamples 1 (Frame:3324).
[2020.05.02-13.18.06:491][648]LogRenderer: Reallocating scene render targets to support 1208x744 Format 10 NumSamples 1 (Frame:3326).
[2020.05.02-13.18.06:527][650]LogRenderer: Reallocating scene render targets to support 1208x748 Format 10 NumSamples 1 (Frame:3330).
[2020.05.02-13.18.06:562][652]LogRenderer: Reallocating scene render targets to support 1208x752 Format 10 NumSamples 1 (Frame:3334).
[2020.05.02-13.18.06:598][654]LogRenderer: Reallocating scene render targets to support 1208x756 Format 10 NumSamples 1 (Frame:3338).
[2020.05.02-13.18.06:633][656]LogRenderer: Reallocating scene render targets to support 1208x760 Format 10 NumSamples 1 (Frame:3342).
[2020.05.02-13.18.06:652][657]LogRenderer: Reallocating scene render targets to support 1208x764 Format 10 NumSamples 1 (Frame:3344).
[2020.05.02-13.18.06:688][659]LogRenderer: Reallocating scene render targets to support 1208x768 Format 10 NumSamples 1 (Frame:3348).
[2020.05.02-13.18.06:706][660]LogRenderer: Reallocating scene render targets to support 1208x772 Format 10 NumSamples 1 (Frame:3350).
[2020.05.02-13.18.06:744][662]LogRenderer: Reallocating scene render targets to support 1208x776 Format 10 NumSamples 1 (Frame:3354).
[2020.05.02-13.18.06:781][664]LogRenderer: Reallocating scene render targets to support 1208x780 Format 10 NumSamples 1 (Frame:3358).
[2020.05.02-13.18.06:818][666]LogRenderer: Reallocating scene render targets to support 1208x784 Format 10 NumSamples 1 (Frame:3362).
[2020.05.02-13.18.06:853][668]LogRenderer: Reallocating scene render targets to support 1208x788 Format 10 NumSamples 1 (Frame:3366).
[2020.05.02-13.18.06:878][670]LogRenderer: Reallocating scene render targets to support 1208x792 Format 10 NumSamples 1 (Frame:3368).
[2020.05.02-13.18.06:915][672]LogRenderer: Reallocating scene render targets to support 1208x796 Format 10 NumSamples 1 (Frame:3372).
[2020.05.02-13.18.06:951][674]LogRenderer: Reallocating scene render targets to support 1208x800 Format 10 NumSamples 1 (Frame:3376).
[2020.05.02-13.18.06:986][676]LogRenderer: Reallocating scene render targets to support 1208x804 Format 10 NumSamples 1 (Frame:3380).
[2020.05.02-13.18.07:005][677]LogRenderer: Reallocating scene render targets to support 1208x808 Format 10 NumSamples 1 (Frame:3382).
[2020.05.02-13.18.07:060][680]LogRenderer: Reallocating scene render targets to support 1208x812 Format 10 NumSamples 1 (Frame:3388).
[2020.05.02-13.18.07:083][682]LogRenderer: Reallocating scene render targets to support 1208x816 Format 10 NumSamples 1 (Frame:3390).
[2020.05.02-13.18.07:138][687]LogRenderer: Reallocating scene render targets to support 1208x820 Format 10 NumSamples 1 (Frame:3394).
[2020.05.02-13.18.07:220][694]LogRenderer: Reallocating scene render targets to support 1208x824 Format 10 NumSamples 1 (Frame:3402).
[2020.05.02-14.05.54:166][981]LogWindowsTextInputMethodSystem: Display: IME system now deactivated.
[2020.05.02-14.05.54:166][981]LogWindowsTextInputMethodSystem: Display: IME system now deactivated.
[2020.05.02-14.06.05:195][281]LogEditorViewport: Clicking on Actor (LMB): StaticMeshActor (Floor)
[2020.05.02-15.27.13:180][410]LogWindowsTextInputMethodSystem: Display: IME system now deactivated.
[2020.05.02-15.27.13:180][410]LogWindowsTextInputMethodSystem: Display: IME system now deactivated.
[2020.05.02-15.56.22:389][525]LogWindowsTextInputMethodSystem: Display: IME system now deactivated.
[2020.05.02-15.56.22:389][525]LogWindowsTextInputMethodSystem: Display: IME system now deactivated.
[2020.05.02-15.56.26:634][993]LogSlate: Window 'Tutorials' being destroyed
[2020.05.02-15.56.29:602][330]LogEditorViewport: Clicking on Actor (LMB): BP_Sky_Sphere_C (Sky Sphere)
[2020.05.02-15.57.37:856][205]LogWindowsTextInputMethodSystem: Display: IME system now deactivated.
[2020.05.02-15.57.37:856][205]LogWindowsTextInputMethodSystem: Display: IME system now deactivated.
